app/build/intermediates/manifest_merge_blame_file/release/manifest-merger-blame-release-report.txt
1<?xml version="1.0" encoding="utf-8"?>
2<manifest xmlns:android="http://schemas.android.com/apk/res/android"
3    package="com.rfid.hf"
4    android:versionCode="1"
5    android:versionName="1.0" >
6
7    <uses-sdk
8        android:minSdkVersion="22"
8-->src\main\AndroidManifest.xml
9        android:targetSdkVersion="30" />
9-->src\main\AndroidManifest.xml
10
11    <uses-permission android:name="android.permission.WRITE_EXTERNAL_STORAGE" />
11-->src\main\AndroidManifest.xml:7:5-81
11-->src\main\AndroidManifest.xml:7:22-78
12    <uses-permission android:name="android.permission.READ_EXTERNAL_STORAGE" />
12-->src\main\AndroidManifest.xml:8:5-80
12-->src\main\AndroidManifest.xml:8:22-77
13    <uses-permission android:name="android.permission.INTERNET" />
13-->src\main\AndroidManifest.xml:9:5-67
13-->src\main\AndroidManifest.xml:9:22-64
14    <uses-permission android:name="android.permission.READ_PHONE_STATE" />
14-->src\main\AndroidManifest.xml:10:5-75
14-->src\main\AndroidManifest.xml:10:22-72
15    <uses-permission android:name="android.permission.WAKE_LOCK" />
15-->src\main\AndroidManifest.xml:11:5-68
15-->src\main\AndroidManifest.xml:11:22-65
16    <uses-permission android:name="android.permission.ACCESS_NETWORK_STATE" />
16-->src\main\AndroidManifest.xml:12:5-79
16-->src\main\AndroidManifest.xml:12:22-76
17    <uses-permission android:name="android.permission.WRITE_SETTINGS" />
17-->src\main\AndroidManifest.xml:13:5-73
17-->src\main\AndroidManifest.xml:13:22-70
18    <uses-permission android:name="android.permission.ACCESS_LOCATION_EXTRA_COMMANDS" />
18-->src\main\AndroidManifest.xml:14:5-89
18-->src\main\AndroidManifest.xml:14:22-86
19
20    <application
20-->src\main\AndroidManifest.xml:16:5-49:19
21        android:allowBackup="true"
21-->src\main\AndroidManifest.xml:17:9-35
22        android:appComponentFactory="android.support.v4.app.CoreComponentFactory"
22-->[com.android.support:support-compat:28.0.0] AndroidManifest.xml:22:18-91
23        android:icon="@drawable/ic_launcher"
23-->src\main\AndroidManifest.xml:18:9-45
24        android:label="@string/app_name"
24-->src\main\AndroidManifest.xml:19:9-41
25        android:requestLegacyExternalStorage="true"
25-->src\main\AndroidManifest.xml:20:9-52
26        android:theme="@style/AppTheme" >
26-->src\main\AndroidManifest.xml:21:9-40
27        <activity
27-->src\main\AndroidManifest.xml:22:9-32:20
28            android:name="com.rfid.hf.Connect232"
28-->src\main\AndroidManifest.xml:23:13-50
29            android:label="@string/app_name"
29-->src\main\AndroidManifest.xml:24:13-45
30            android:theme="@style/Theme.AppCompat.NoActionBar"
30-->src\main\AndroidManifest.xml:25:13-63
31            android:windowSoftInputMode="adjustPan" >
31-->src\main\AndroidManifest.xml:26:13-52
32            <intent-filter>
32-->src\main\AndroidManifest.xml:27:13-31:29
33                <action android:name="android.intent.action.MAIN" />
33-->src\main\AndroidManifest.xml:28:17-69
33-->src\main\AndroidManifest.xml:28:25-66
34
35                <category android:name="android.intent.category.LAUNCHER" />
35-->src\main\AndroidManifest.xml:30:17-77
35-->src\main\AndroidManifest.xml:30:27-74
36            </intent-filter>
37        </activity>
38        <activity android:name="com.rfid.hf.MainHFActivity" >
38-->src\main\AndroidManifest.xml:33:9-34:20
38-->src\main\AndroidManifest.xml:33:19-60
39        </activity>
40        <activity android:name="com.rfid.hf.ScanView" >
40-->src\main\AndroidManifest.xml:35:9-36:20
40-->src\main\AndroidManifest.xml:35:19-54
41        </activity>
42        <activity android:name="com.rfid.hf.ScanMode" >
42-->src\main\AndroidManifest.xml:37:9-38:20
42-->src\main\AndroidManifest.xml:37:19-54
43        </activity>
44        <activity android:name="com.rfid.hf.ScanModeGroup" >
44-->src\main\AndroidManifest.xml:39:9-40:20
44-->src\main\AndroidManifest.xml:39:19-59
45        </activity>
46        <activity
46-->src\main\AndroidManifest.xml:41:9-44:20
47            android:name="com.rfid.hf.RW_Activity"
47-->src\main\AndroidManifest.xml:42:13-51
48            android:label="@string/title_activity_rw_" >
48-->src\main\AndroidManifest.xml:43:13-55
49        </activity>
50
51        <service
51-->src\main\AndroidManifest.xml:45:9-48:47
52            android:name="com.rfid.hf.MyService"
52-->src\main\AndroidManifest.xml:46:13-38
53            android:enabled="true"
53-->src\main\AndroidManifest.xml:47:13-35
54            android:exported="true" />
54-->src\main\AndroidManifest.xml:48:13-36
55    </application>
56
57</manifest>